2021-10-28 11:21:17.702  INFO 19404 --- [restartedMain] com.catapi.CatServicesApiApplication     : Starting CatServicesApiApplication using Java 1.8.0_152 on MPL-77GTVZ2 with PID 19404 (C:\Users\rohit.godara\Documents\workspace-spring-tool-suite-4-4.10.0.RELEASE\cat-services-api\target\classes started by rohit.godara in C:\Users\rohit.godara\Documents\workspace-spring-tool-suite-4-4.10.0.RELEASE\cat-services-api)
2021-10-28 11:21:17.707  INFO 19404 --- [restartedMain] com.catapi.CatServicesApiApplication     : The following profiles are active: dev
2021-10-28 11:21:17.802  INFO 19404 --- [restartedMain] .e.DevToolsPropertyDefaultsPostProcessor : Devtools property defaults active! Set 'spring.devtools.add-properties' to 'false' to disable
2021-10-28 11:21:17.803  INFO 19404 --- [restartedMain] .e.DevToolsPropertyDefaultsPostProcessor : For additional web related logging consider setting the 'logging.level.web' property to 'DEBUG'
2021-10-28 11:21:19.556  INFO 19404 --- [restartedMain] .s.d.r.c.RepositoryConfigurationDelegate : Bootstrapping Spring Data R2DBC repositories in DEFAULT mode.
2021-10-28 11:21:19.927  INFO 19404 --- [restartedMain] .s.d.r.c.RepositoryConfigurationDelegate : Finished Spring Data repository scanning in 362 ms. Found 3 R2DBC repository interfaces.
2021-10-28 11:21:21.569  INFO 19404 --- [restartedMain] o.s.b.d.a.OptionalLiveReloadServer       : LiveReload server is running on port 35729
2021-10-28 11:21:24.950  INFO 19404 --- [restartedMain] o.s.b.web.embedded.netty.NettyWebServer  : Netty started on port 8080
2021-10-28 11:21:25.433  INFO 19404 --- [restartedMain] com.catapi.CatServicesApiApplication     : Started CatServicesApiApplication in 8.646 seconds (JVM running for 10.716)
2021-10-28 11:21:28.082  WARN 19404 --- [reactor-tcp-nio-3] dev.miku.r2dbc.mysql.MySqlConnection     : The server timezone is <India Standard Time> that's unknown, trying to use system default timezone
2021-10-28 11:21:28.082  WARN 19404 --- [reactor-tcp-nio-2] dev.miku.r2dbc.mysql.MySqlConnection     : The server timezone is <India Standard Time> that's unknown, trying to use system default timezone
2021-10-28 11:22:06.279  INFO 19404 --- [restartedMain] com.catapi.CatServicesApiApplication     : Starting CatServicesApiApplication using Java 1.8.0_152 on MPL-77GTVZ2 with PID 19404 (C:\Users\rohit.godara\Documents\workspace-spring-tool-suite-4-4.10.0.RELEASE\cat-services-api\target\classes started by rohit.godara in C:\Users\rohit.godara\Documents\workspace-spring-tool-suite-4-4.10.0.RELEASE\cat-services-api)
2021-10-28 11:22:06.280  INFO 19404 --- [restartedMain] com.catapi.CatServicesApiApplication     : The following profiles are active: dev
2021-10-28 11:22:06.801  INFO 19404 --- [restartedMain] .s.d.r.c.RepositoryConfigurationDelegate : Bootstrapping Spring Data R2DBC repositories in DEFAULT mode.
2021-10-28 11:22:06.828  INFO 19404 --- [restartedMain] .s.d.r.c.RepositoryConfigurationDelegate : Finished Spring Data repository scanning in 26 ms. Found 3 R2DBC repository interfaces.
2021-10-28 11:22:06.979  INFO 19404 --- [restartedMain] o.s.b.d.a.OptionalLiveReloadServer       : LiveReload server is running on port 35729
2021-10-28 11:22:07.268  INFO 19404 --- [restartedMain] o.s.b.web.embedded.netty.NettyWebServer  : Netty started on port 8080
2021-10-28 11:22:07.356  INFO 19404 --- [restartedMain] com.catapi.CatServicesApiApplication     : Started CatServicesApiApplication in 1.124 seconds (JVM running for 52.64)
2021-10-28 11:22:07.369  INFO 19404 --- [restartedMain] .ConditionEvaluationDeltaLoggingListener : Condition evaluation unchanged
2021-10-28 11:22:07.404  WARN 19404 --- [reactor-tcp-nio-5] dev.miku.r2dbc.mysql.MySqlConnection     : The server timezone is <India Standard Time> that's unknown, trying to use system default timezone
2021-10-28 11:22:07.409  WARN 19404 --- [reactor-tcp-nio-4] dev.miku.r2dbc.mysql.MySqlConnection     : The server timezone is <India Standard Time> that's unknown, trying to use system default timezone
2021-10-28 11:22:19.470  WARN 19404 --- [reactor-tcp-nio-6] dev.miku.r2dbc.mysql.MySqlConnection     : The server timezone is <India Standard Time> that's unknown, trying to use system default timezone
2021-10-28 11:22:19.525  WARN 19404 --- [reactor-tcp-nio-6] dev.miku.r2dbc.mysql.MySqlConnection     : The server timezone is <India Standard Time> that's unknown, trying to use system default timezone
2021-10-28 11:22:19.707 ERROR 19404 --- [boundedElastic-1] com.catapi.controller.LoginController    : error while authenticating user for given id admin@magicsoft.com :: 

org.springframework.security.authentication.BadCredentialsException: Invalid Credentials
	at org.springframework.security.authentication.AbstractUserDetailsReactiveAuthenticationManager.lambda$authenticate$1(AbstractUserDetailsReactiveAuthenticationManager.java:102) ~[spring-security-core-5.5.2.jar:5.5.2]
	at reactor.core.publisher.MonoDefer.subscribe(MonoDefer.java:44) ~[reactor-core-3.4.10.jar:3.4.10]
	at reactor.core.publisher.Mono.subscribe(Mono.java:4361) ~[reactor-core-3.4.10.jar:3.4.10]
	at reactor.core.publisher.FluxSwitchIfEmpty$SwitchIfEmptySubscriber.onComplete(FluxSwitchIfEmpty.java:82) ~[reactor-core-3.4.10.jar:3.4.10]
	at reactor.core.publisher.FluxFilter$FilterSubscriber.onComplete(FluxFilter.java:166) ~[reactor-core-3.4.10.jar:3.4.10]
	at reactor.core.publisher.MonoPublishOn$PublishOnSubscriber.run(MonoPublishOn.java:182) ~[reactor-core-3.4.10.jar:3.4.10]
	at reactor.core.scheduler.SchedulerTask.call(SchedulerTask.java:68) ~[reactor-core-3.4.10.jar:3.4.10]
	at reactor.core.scheduler.SchedulerTask.call(SchedulerTask.java:28) ~[reactor-core-3.4.10.jar:3.4.10]
	at java.util.concurrent.FutureTask.run(FutureTask.java:266) ~[na:1.8.0_152]
	at java.util.concurrent.ScheduledThreadPoolExecutor$ScheduledFutureTask.access$201(ScheduledThreadPoolExecutor.java:180) ~[na:1.8.0_152]
	at java.util.concurrent.ScheduledThreadPoolExecutor$ScheduledFutureTask.run(ScheduledThreadPoolExecutor.java:293) ~[na:1.8.0_152]
	at java.util.concurrent.ThreadPoolExecutor.runWorker(ThreadPoolExecutor.java:1149) ~[na:1.8.0_152]
	at java.util.concurrent.ThreadPoolExecutor$Worker.run(ThreadPoolExecutor.java:624) ~[na:1.8.0_152]
	at java.lang.Thread.run(Thread.java:748) ~[na:1.8.0_152]

2021-10-28 11:23:16.183  INFO 19404 --- [restartedMain] com.catapi.CatServicesApiApplication     : Starting CatServicesApiApplication using Java 1.8.0_152 on MPL-77GTVZ2 with PID 19404 (C:\Users\rohit.godara\Documents\workspace-spring-tool-suite-4-4.10.0.RELEASE\cat-services-api\target\classes started by rohit.godara in C:\Users\rohit.godara\Documents\workspace-spring-tool-suite-4-4.10.0.RELEASE\cat-services-api)
2021-10-28 11:23:16.183  INFO 19404 --- [restartedMain] com.catapi.CatServicesApiApplication     : The following profiles are active: dev
2021-10-28 11:23:16.636  INFO 19404 --- [restartedMain] .s.d.r.c.RepositoryConfigurationDelegate : Bootstrapping Spring Data R2DBC repositories in DEFAULT mode.
2021-10-28 11:23:16.666  INFO 19404 --- [restartedMain] .s.d.r.c.RepositoryConfigurationDelegate : Finished Spring Data repository scanning in 29 ms. Found 3 R2DBC repository interfaces.
2021-10-28 11:23:16.807  INFO 19404 --- [restartedMain] o.s.b.d.a.OptionalLiveReloadServer       : LiveReload server is running on port 35729
2021-10-28 11:23:17.111  INFO 19404 --- [restartedMain] o.s.b.web.embedded.netty.NettyWebServer  : Netty started on port 8080
2021-10-28 11:23:17.192  INFO 19404 --- [restartedMain] com.catapi.CatServicesApiApplication     : Started CatServicesApiApplication in 1.053 seconds (JVM running for 122.475)
2021-10-28 11:23:17.204  INFO 19404 --- [restartedMain] .ConditionEvaluationDeltaLoggingListener : Condition evaluation unchanged
2021-10-28 11:23:17.238  WARN 19404 --- [reactor-tcp-nio-8] dev.miku.r2dbc.mysql.MySqlConnection     : The server timezone is <India Standard Time> that's unknown, trying to use system default timezone
2021-10-28 11:23:17.238  WARN 19404 --- [reactor-tcp-nio-7] dev.miku.r2dbc.mysql.MySqlConnection     : The server timezone is <India Standard Time> that's unknown, trying to use system default timezone
2021-10-28 11:23:27.742  WARN 19404 --- [reactor-tcp-nio-1] dev.miku.r2dbc.mysql.MySqlConnection     : The server timezone is <India Standard Time> that's unknown, trying to use system default timezone
2021-10-28 11:23:27.779  WARN 19404 --- [reactor-tcp-nio-1] dev.miku.r2dbc.mysql.MySqlConnection     : The server timezone is <India Standard Time> that's unknown, trying to use system default timezone
2021-10-28 11:23:27.911 ERROR 19404 --- [boundedElastic-2] com.catapi.controller.LoginController    : error while authenticating user for given id admin@magicsoft.com 

org.springframework.security.authentication.BadCredentialsException: Invalid Credentials
	at org.springframework.security.authentication.AbstractUserDetailsReactiveAuthenticationManager.lambda$authenticate$1(AbstractUserDetailsReactiveAuthenticationManager.java:102) ~[spring-security-core-5.5.2.jar:5.5.2]
	at reactor.core.publisher.MonoDefer.subscribe(MonoDefer.java:44) ~[reactor-core-3.4.10.jar:3.4.10]
	at reactor.core.publisher.Mono.subscribe(Mono.java:4361) ~[reactor-core-3.4.10.jar:3.4.10]
	at reactor.core.publisher.FluxSwitchIfEmpty$SwitchIfEmptySubscriber.onComplete(FluxSwitchIfEmpty.java:82) ~[reactor-core-3.4.10.jar:3.4.10]
	at reactor.core.publisher.FluxFilter$FilterSubscriber.onComplete(FluxFilter.java:166) ~[reactor-core-3.4.10.jar:3.4.10]
	at reactor.core.publisher.MonoPublishOn$PublishOnSubscriber.run(MonoPublishOn.java:182) ~[reactor-core-3.4.10.jar:3.4.10]
	at reactor.core.scheduler.SchedulerTask.call(SchedulerTask.java:68) ~[reactor-core-3.4.10.jar:3.4.10]
	at reactor.core.scheduler.SchedulerTask.call(SchedulerTask.java:28) ~[reactor-core-3.4.10.jar:3.4.10]
	at java.util.concurrent.FutureTask.run(FutureTask.java:266) ~[na:1.8.0_152]
	at java.util.concurrent.ScheduledThreadPoolExecutor$ScheduledFutureTask.access$201(ScheduledThreadPoolExecutor.java:180) ~[na:1.8.0_152]
	at java.util.concurrent.ScheduledThreadPoolExecutor$ScheduledFutureTask.run(ScheduledThreadPoolExecutor.java:293) ~[na:1.8.0_152]
	at java.util.concurrent.ThreadPoolExecutor.runWorker(ThreadPoolExecutor.java:1149) ~[na:1.8.0_152]
	at java.util.concurrent.ThreadPoolExecutor$Worker.run(ThreadPoolExecutor.java:624) ~[na:1.8.0_152]
	at java.lang.Thread.run(Thread.java:748) ~[na:1.8.0_152]

2021-10-28 11:24:18.824  INFO 19404 --- [restartedMain] com.catapi.CatServicesApiApplication     : Starting CatServicesApiApplication using Java 1.8.0_152 on MPL-77GTVZ2 with PID 19404 (C:\Users\rohit.godara\Documents\workspace-spring-tool-suite-4-4.10.0.RELEASE\cat-services-api\target\classes started by rohit.godara in C:\Users\rohit.godara\Documents\workspace-spring-tool-suite-4-4.10.0.RELEASE\cat-services-api)
2021-10-28 11:24:18.824  INFO 19404 --- [restartedMain] com.catapi.CatServicesApiApplication     : The following profiles are active: dev
2021-10-28 11:24:19.271  INFO 19404 --- [restartedMain] .s.d.r.c.RepositoryConfigurationDelegate : Bootstrapping Spring Data R2DBC repositories in DEFAULT mode.
2021-10-28 11:24:19.299  INFO 19404 --- [restartedMain] .s.d.r.c.RepositoryConfigurationDelegate : Finished Spring Data repository scanning in 27 ms. Found 3 R2DBC repository interfaces.
2021-10-28 11:24:19.438  INFO 19404 --- [restartedMain] o.s.b.d.a.OptionalLiveReloadServer       : LiveReload server is running on port 35729
2021-10-28 11:24:19.699  INFO 19404 --- [restartedMain] o.s.b.web.embedded.netty.NettyWebServer  : Netty started on port 8080
2021-10-28 11:24:19.779  INFO 19404 --- [restartedMain] com.catapi.CatServicesApiApplication     : Started CatServicesApiApplication in 1.004 seconds (JVM running for 185.06)
2021-10-28 11:24:19.788  INFO 19404 --- [restartedMain] .ConditionEvaluationDeltaLoggingListener : Condition evaluation unchanged
2021-10-28 11:24:19.817  WARN 19404 --- [reactor-tcp-nio-3] dev.miku.r2dbc.mysql.MySqlConnection     : The server timezone is <India Standard Time> that's unknown, trying to use system default timezone
2021-10-28 11:24:19.819  WARN 19404 --- [reactor-tcp-nio-2] dev.miku.r2dbc.mysql.MySqlConnection     : The server timezone is <India Standard Time> that's unknown, trying to use system default timezone
2021-10-28 11:24:25.560  WARN 19404 --- [reactor-tcp-nio-4] dev.miku.r2dbc.mysql.MySqlConnection     : The server timezone is <India Standard Time> that's unknown, trying to use system default timezone
2021-10-28 11:24:25.600  WARN 19404 --- [reactor-tcp-nio-4] dev.miku.r2dbc.mysql.MySqlConnection     : The server timezone is <India Standard Time> that's unknown, trying to use system default timezone
2021-10-28 11:24:25.720 ERROR 19404 --- [boundedElastic-2] com.catapi.controller.LoginController    : error while authenticating user for given id {} admin@magicsoft.com

org.springframework.security.authentication.BadCredentialsException: Invalid Credentials
	at org.springframework.security.authentication.AbstractUserDetailsReactiveAuthenticationManager.lambda$authenticate$1(AbstractUserDetailsReactiveAuthenticationManager.java:102) ~[spring-security-core-5.5.2.jar:5.5.2]
	at reactor.core.publisher.MonoDefer.subscribe(MonoDefer.java:44) ~[reactor-core-3.4.10.jar:3.4.10]
	at reactor.core.publisher.Mono.subscribe(Mono.java:4361) ~[reactor-core-3.4.10.jar:3.4.10]
	at reactor.core.publisher.FluxSwitchIfEmpty$SwitchIfEmptySubscriber.onComplete(FluxSwitchIfEmpty.java:82) ~[reactor-core-3.4.10.jar:3.4.10]
	at reactor.core.publisher.FluxFilter$FilterSubscriber.onComplete(FluxFilter.java:166) ~[reactor-core-3.4.10.jar:3.4.10]
	at reactor.core.publisher.MonoPublishOn$PublishOnSubscriber.run(MonoPublishOn.java:182) ~[reactor-core-3.4.10.jar:3.4.10]
	at reactor.core.scheduler.SchedulerTask.call(SchedulerTask.java:68) ~[reactor-core-3.4.10.jar:3.4.10]
	at reactor.core.scheduler.SchedulerTask.call(SchedulerTask.java:28) ~[reactor-core-3.4.10.jar:3.4.10]
	at java.util.concurrent.FutureTask.run(FutureTask.java:266) ~[na:1.8.0_152]
	at java.util.concurrent.ScheduledThreadPoolExecutor$ScheduledFutureTask.access$201(ScheduledThreadPoolExecutor.java:180) ~[na:1.8.0_152]
	at java.util.concurrent.ScheduledThreadPoolExecutor$ScheduledFutureTask.run(ScheduledThreadPoolExecutor.java:293) ~[na:1.8.0_152]
	at java.util.concurrent.ThreadPoolExecutor.runWorker(ThreadPoolExecutor.java:1149) ~[na:1.8.0_152]
	at java.util.concurrent.ThreadPoolExecutor$Worker.run(ThreadPoolExecutor.java:624) ~[na:1.8.0_152]
	at java.lang.Thread.run(Thread.java:748) ~[na:1.8.0_152]

2021-10-28 11:24:51.400  INFO 19404 --- [restartedMain] com.catapi.CatServicesApiApplication     : Starting CatServicesApiApplication using Java 1.8.0_152 on MPL-77GTVZ2 with PID 19404 (C:\Users\rohit.godara\Documents\workspace-spring-tool-suite-4-4.10.0.RELEASE\cat-services-api\target\classes started by rohit.godara in C:\Users\rohit.godara\Documents\workspace-spring-tool-suite-4-4.10.0.RELEASE\cat-services-api)
2021-10-28 11:24:51.400  INFO 19404 --- [restartedMain] com.catapi.CatServicesApiApplication     : The following profiles are active: dev
2021-10-28 11:24:51.810  INFO 19404 --- [restartedMain] .s.d.r.c.RepositoryConfigurationDelegate : Bootstrapping Spring Data R2DBC repositories in DEFAULT mode.
2021-10-28 11:24:51.839  INFO 19404 --- [restartedMain] .s.d.r.c.RepositoryConfigurationDelegate : Finished Spring Data repository scanning in 29 ms. Found 3 R2DBC repository interfaces.
2021-10-28 11:24:51.970  INFO 19404 --- [restartedMain] o.s.b.d.a.OptionalLiveReloadServer       : LiveReload server is running on port 35729
2021-10-28 11:24:52.238  INFO 19404 --- [restartedMain] o.s.b.web.embedded.netty.NettyWebServer  : Netty started on port 8080
2021-10-28 11:24:52.305  INFO 19404 --- [restartedMain] com.catapi.CatServicesApiApplication     : Started CatServicesApiApplication in 0.948 seconds (JVM running for 217.585)
2021-10-28 11:24:52.314  INFO 19404 --- [restartedMain] .ConditionEvaluationDeltaLoggingListener : Condition evaluation unchanged
2021-10-28 11:24:52.341  WARN 19404 --- [reactor-tcp-nio-6] dev.miku.r2dbc.mysql.MySqlConnection     : The server timezone is <India Standard Time> that's unknown, trying to use system default timezone
2021-10-28 11:24:52.344  WARN 19404 --- [reactor-tcp-nio-5] dev.miku.r2dbc.mysql.MySqlConnection     : The server timezone is <India Standard Time> that's unknown, trying to use system default timezone
2021-10-28 11:25:00.795  WARN 19404 --- [reactor-tcp-nio-7] dev.miku.r2dbc.mysql.MySqlConnection     : The server timezone is <India Standard Time> that's unknown, trying to use system default timezone
2021-10-28 11:25:00.824  WARN 19404 --- [reactor-tcp-nio-7] dev.miku.r2dbc.mysql.MySqlConnection     : The server timezone is <India Standard Time> that's unknown, trying to use system default timezone
2021-10-28 11:25:00.910 ERROR 19404 --- [boundedElastic-2] com.catapi.controller.LoginController    : error while authenticating user for given id admin@magicsoft.com 

org.springframework.security.authentication.BadCredentialsException: Invalid Credentials
	at org.springframework.security.authentication.AbstractUserDetailsReactiveAuthenticationManager.lambda$authenticate$1(AbstractUserDetailsReactiveAuthenticationManager.java:102) ~[spring-security-core-5.5.2.jar:5.5.2]
	at reactor.core.publisher.MonoDefer.subscribe(MonoDefer.java:44) ~[reactor-core-3.4.10.jar:3.4.10]
	at reactor.core.publisher.Mono.subscribe(Mono.java:4361) ~[reactor-core-3.4.10.jar:3.4.10]
	at reactor.core.publisher.FluxSwitchIfEmpty$SwitchIfEmptySubscriber.onComplete(FluxSwitchIfEmpty.java:82) ~[reactor-core-3.4.10.jar:3.4.10]
	at reactor.core.publisher.FluxFilter$FilterSubscriber.onComplete(FluxFilter.java:166) ~[reactor-core-3.4.10.jar:3.4.10]
	at reactor.core.publisher.MonoPublishOn$PublishOnSubscriber.run(MonoPublishOn.java:182) ~[reactor-core-3.4.10.jar:3.4.10]
	at reactor.core.scheduler.SchedulerTask.call(SchedulerTask.java:68) ~[reactor-core-3.4.10.jar:3.4.10]
	at reactor.core.scheduler.SchedulerTask.call(SchedulerTask.java:28) ~[reactor-core-3.4.10.jar:3.4.10]
	at java.util.concurrent.FutureTask.run(FutureTask.java:266) ~[na:1.8.0_152]
	at java.util.concurrent.ScheduledThreadPoolExecutor$ScheduledFutureTask.access$201(ScheduledThreadPoolExecutor.java:180) ~[na:1.8.0_152]
	at java.util.concurrent.ScheduledThreadPoolExecutor$ScheduledFutureTask.run(ScheduledThreadPoolExecutor.java:293) ~[na:1.8.0_152]
	at java.util.concurrent.ThreadPoolExecutor.runWorker(ThreadPoolExecutor.java:1149) ~[na:1.8.0_152]
	at java.util.concurrent.ThreadPoolExecutor$Worker.run(ThreadPoolExecutor.java:624) ~[na:1.8.0_152]
	at java.lang.Thread.run(Thread.java:748) ~[na:1.8.0_152]

2021-10-28 11:25:25.388  INFO 19404 --- [RMI TCP Connection(24)-127.0.0.1] inMXBeanRegistrar$SpringApplicationAdmin : Application shutdown requested.
2021-10-28 12:14:30.290  INFO 5080 --- [restartedMain] com.catapi.CatServicesApiApplication     : Starting CatServicesApiApplication using Java 1.8.0_152 on MPL-77GTVZ2 with PID 5080 (C:\Users\rohit.godara\Documents\workspace-spring-tool-suite-4-4.10.0.RELEASE\cat-services-api\target\classes started by rohit.godara in C:\Users\rohit.godara\Documents\workspace-spring-tool-suite-4-4.10.0.RELEASE\cat-services-api)
2021-10-28 12:14:30.293  INFO 5080 --- [restartedMain] com.catapi.CatServicesApiApplication     : The following profiles are active: dev
2021-10-28 12:14:30.337  INFO 5080 --- [restartedMain] .e.DevToolsPropertyDefaultsPostProcessor : Devtools property defaults active! Set 'spring.devtools.add-properties' to 'false' to disable
2021-10-28 12:14:30.337  INFO 5080 --- [restartedMain] .e.DevToolsPropertyDefaultsPostProcessor : For additional web related logging consider setting the 'logging.level.web' property to 'DEBUG'
2021-10-28 12:14:31.166  INFO 5080 --- [restartedMain] .s.d.r.c.RepositoryConfigurationDelegate : Bootstrapping Spring Data R2DBC repositories in DEFAULT mode.
2021-10-28 12:14:31.333  INFO 5080 --- [restartedMain] .s.d.r.c.RepositoryConfigurationDelegate : Finished Spring Data repository scanning in 162 ms. Found 3 R2DBC repository interfaces.
2021-10-28 12:14:32.138  INFO 5080 --- [restartedMain] o.s.b.d.a.OptionalLiveReloadServer       : LiveReload server is running on port 35729
2021-10-28 12:14:33.825  INFO 5080 --- [restartedMain] o.s.b.web.embedded.netty.NettyWebServer  : Netty started on port 8080
2021-10-28 12:14:34.064  INFO 5080 --- [restartedMain] com.catapi.CatServicesApiApplication     : Started CatServicesApiApplication in 4.176 seconds (JVM running for 5.172)
2021-10-28 12:14:35.431  WARN 5080 --- [reactor-tcp-nio-3] dev.miku.r2dbc.mysql.MySqlConnection     : The server timezone is <India Standard Time> that's unknown, trying to use system default timezone
2021-10-28 12:14:35.431  WARN 5080 --- [reactor-tcp-nio-2] dev.miku.r2dbc.mysql.MySqlConnection     : The server timezone is <India Standard Time> that's unknown, trying to use system default timezone
2021-10-28 12:14:38.681  WARN 5080 --- [reactor-tcp-nio-4] dev.miku.r2dbc.mysql.MySqlConnection     : The server timezone is <India Standard Time> that's unknown, trying to use system default timezone
2021-10-28 12:53:57.168  WARN 5080 --- [reactor-tcp-nio-5] dev.miku.r2dbc.mysql.MySqlConnection     : The server timezone is <India Standard Time> that's unknown, trying to use system default timezone
2021-10-28 13:09:02.727  INFO 5080 --- [restartedMain] com.catapi.CatServicesApiApplication     : Starting CatServicesApiApplication using Java 1.8.0_152 on MPL-77GTVZ2 with PID 5080 (C:\Users\rohit.godara\Documents\workspace-spring-tool-suite-4-4.10.0.RELEASE\cat-services-api\target\classes started by rohit.godara in C:\Users\rohit.godara\Documents\workspace-spring-tool-suite-4-4.10.0.RELEASE\cat-services-api)
2021-10-28 13:09:02.727  INFO 5080 --- [restartedMain] com.catapi.CatServicesApiApplication     : The following profiles are active: dev
2021-10-28 13:09:03.053  INFO 5080 --- [restartedMain] .s.d.r.c.RepositoryConfigurationDelegate : Bootstrapping Spring Data R2DBC repositories in DEFAULT mode.
2021-10-28 13:09:03.075  INFO 5080 --- [restartedMain] .s.d.r.c.RepositoryConfigurationDelegate : Finished Spring Data repository scanning in 21 ms. Found 3 R2DBC repository interfaces.
2021-10-28 13:09:03.179  INFO 5080 --- [restartedMain] o.s.b.d.a.OptionalLiveReloadServer       : LiveReload server is running on port 35729
2021-10-28 13:09:03.367  INFO 5080 --- [restartedMain] o.s.b.web.embedded.netty.NettyWebServer  : Netty started on port 8080
2021-10-28 13:09:03.437  INFO 5080 --- [restartedMain] com.catapi.CatServicesApiApplication     : Started CatServicesApiApplication in 0.741 seconds (JVM running for 3274.516)
2021-10-28 13:09:03.446  INFO 5080 --- [restartedMain] .ConditionEvaluationDeltaLoggingListener : Condition evaluation unchanged
2021-10-28 13:09:03.468  WARN 5080 --- [reactor-tcp-nio-6] dev.miku.r2dbc.mysql.MySqlConnection     : The server timezone is <India Standard Time> that's unknown, trying to use system default timezone
2021-10-28 13:09:03.468  WARN 5080 --- [reactor-tcp-nio-7] dev.miku.r2dbc.mysql.MySqlConnection     : The server timezone is <India Standard Time> that's unknown, trying to use system default timezone
2021-10-28 13:11:40.906  INFO 5080 --- [restartedMain] com.catapi.CatServicesApiApplication     : Starting CatServicesApiApplication using Java 1.8.0_152 on MPL-77GTVZ2 with PID 5080 (C:\Users\rohit.godara\Documents\workspace-spring-tool-suite-4-4.10.0.RELEASE\cat-services-api\target\classes started by rohit.godara in C:\Users\rohit.godara\Documents\workspace-spring-tool-suite-4-4.10.0.RELEASE\cat-services-api)
2021-10-28 13:11:40.906  INFO 5080 --- [restartedMain] com.catapi.CatServicesApiApplication     : The following profiles are active: dev
2021-10-28 13:11:41.209  INFO 5080 --- [restartedMain] .s.d.r.c.RepositoryConfigurationDelegate : Bootstrapping Spring Data R2DBC repositories in DEFAULT mode.
2021-10-28 13:11:41.237  INFO 5080 --- [restartedMain] .s.d.r.c.RepositoryConfigurationDelegate : Finished Spring Data repository scanning in 27 ms. Found 3 R2DBC repository interfaces.
2021-10-28 13:11:41.329  INFO 5080 --- [restartedMain] o.s.b.d.a.OptionalLiveReloadServer       : LiveReload server is running on port 35729
2021-10-28 13:11:41.526  INFO 5080 --- [restartedMain] o.s.b.web.embedded.netty.NettyWebServer  : Netty started on port 8080
2021-10-28 13:11:41.579  INFO 5080 --- [restartedMain] com.catapi.CatServicesApiApplication     : Started CatServicesApiApplication in 0.703 seconds (JVM running for 3432.656)
2021-10-28 13:11:41.584  INFO 5080 --- [restartedMain] .ConditionEvaluationDeltaLoggingListener : Condition evaluation unchanged
2021-10-28 13:11:41.606  WARN 5080 --- [reactor-tcp-nio-8] dev.miku.r2dbc.mysql.MySqlConnection     : The server timezone is <India Standard Time> that's unknown, trying to use system default timezone
2021-10-28 13:11:41.605  WARN 5080 --- [reactor-tcp-nio-1] dev.miku.r2dbc.mysql.MySqlConnection     : The server timezone is <India Standard Time> that's unknown, trying to use system default timezone
2021-10-28 14:00:16.380  INFO 5080 --- [restartedMain] com.catapi.CatServicesApiApplication     : Starting CatServicesApiApplication using Java 1.8.0_152 on MPL-77GTVZ2 with PID 5080 (C:\Users\rohit.godara\Documents\workspace-spring-tool-suite-4-4.10.0.RELEASE\cat-services-api\target\classes started by rohit.godara in C:\Users\rohit.godara\Documents\workspace-spring-tool-suite-4-4.10.0.RELEASE\cat-services-api)
2021-10-28 14:00:16.381  INFO 5080 --- [restartedMain] com.catapi.CatServicesApiApplication     : The following profiles are active: dev
2021-10-28 14:00:16.672  INFO 5080 --- [restartedMain] .s.d.r.c.RepositoryConfigurationDelegate : Bootstrapping Spring Data R2DBC repositories in DEFAULT mode.
2021-10-28 14:00:16.693  INFO 5080 --- [restartedMain] .s.d.r.c.RepositoryConfigurationDelegate : Finished Spring Data repository scanning in 20 ms. Found 3 R2DBC repository interfaces.
2021-10-28 14:00:16.779  INFO 5080 --- [restartedMain] o.s.b.d.a.OptionalLiveReloadServer       : LiveReload server is running on port 35729
2021-10-28 14:00:16.942  INFO 5080 --- [restartedMain] o.s.b.web.embedded.netty.NettyWebServer  : Netty started on port 8080
2021-10-28 14:00:16.993  INFO 5080 --- [restartedMain] com.catapi.CatServicesApiApplication     : Started CatServicesApiApplication in 0.641 seconds (JVM running for 6348.052)
2021-10-28 14:00:17.000  INFO 5080 --- [restartedMain] .ConditionEvaluationDeltaLoggingListener : Condition evaluation unchanged
2021-10-28 14:00:17.019  WARN 5080 --- [reactor-tcp-nio-2] dev.miku.r2dbc.mysql.MySqlConnection     : The server timezone is <India Standard Time> that's unknown, trying to use system default timezone
2021-10-28 14:00:17.020  WARN 5080 --- [reactor-tcp-nio-3] dev.miku.r2dbc.mysql.MySqlConnection     : The server timezone is <India Standard Time> that's unknown, trying to use system default timezone
2021-10-28 14:00:22.770  INFO 5080 --- [restartedMain] com.catapi.CatServicesApiApplication     : Starting CatServicesApiApplication using Java 1.8.0_152 on MPL-77GTVZ2 with PID 5080 (C:\Users\rohit.godara\Documents\workspace-spring-tool-suite-4-4.10.0.RELEASE\cat-services-api\target\classes started by rohit.godara in C:\Users\rohit.godara\Documents\workspace-spring-tool-suite-4-4.10.0.RELEASE\cat-services-api)
2021-10-28 14:00:22.771  INFO 5080 --- [restartedMain] com.catapi.CatServicesApiApplication     : The following profiles are active: dev
2021-10-28 14:00:23.031  INFO 5080 --- [restartedMain] .s.d.r.c.RepositoryConfigurationDelegate : Bootstrapping Spring Data R2DBC repositories in DEFAULT mode.
2021-10-28 14:00:23.051  INFO 5080 --- [restartedMain] .s.d.r.c.RepositoryConfigurationDelegate : Finished Spring Data repository scanning in 19 ms. Found 3 R2DBC repository interfaces.
2021-10-28 14:00:23.132  INFO 5080 --- [restartedMain] o.s.b.d.a.OptionalLiveReloadServer       : LiveReload server is running on port 35729
2021-10-28 14:00:23.287  INFO 5080 --- [restartedMain] o.s.b.web.embedded.netty.NettyWebServer  : Netty started on port 8080
2021-10-28 14:00:23.330  INFO 5080 --- [restartedMain] com.catapi.CatServicesApiApplication     : Started CatServicesApiApplication in 0.588 seconds (JVM running for 6354.389)
2021-10-28 14:00:23.336  INFO 5080 --- [restartedMain] .ConditionEvaluationDeltaLoggingListener : Condition evaluation unchanged
2021-10-28 14:00:23.353  WARN 5080 --- [reactor-tcp-nio-4] dev.miku.r2dbc.mysql.MySqlConnection     : The server timezone is <India Standard Time> that's unknown, trying to use system default timezone
2021-10-28 14:00:23.353  WARN 5080 --- [reactor-tcp-nio-5] dev.miku.r2dbc.mysql.MySqlConnection     : The server timezone is <India Standard Time> that's unknown, trying to use system default timezone
2021-10-28 14:12:02.777  INFO 5080 --- [restartedMain] com.catapi.CatServicesApiApplication     : Starting CatServicesApiApplication using Java 1.8.0_152 on MPL-77GTVZ2 with PID 5080 (C:\Users\rohit.godara\Documents\workspace-spring-tool-suite-4-4.10.0.RELEASE\cat-services-api\target\classes started by rohit.godara in C:\Users\rohit.godara\Documents\workspace-spring-tool-suite-4-4.10.0.RELEASE\cat-services-api)
2021-10-28 14:12:02.778  INFO 5080 --- [restartedMain] com.catapi.CatServicesApiApplication     : The following profiles are active: dev
2021-10-28 14:12:03.119  INFO 5080 --- [restartedMain] .s.d.r.c.RepositoryConfigurationDelegate : Bootstrapping Spring Data R2DBC repositories in DEFAULT mode.
2021-10-28 14:12:03.138  INFO 5080 --- [restartedMain] .s.d.r.c.RepositoryConfigurationDelegate : Finished Spring Data repository scanning in 19 ms. Found 3 R2DBC repository interfaces.
2021-10-28 14:12:03.221  INFO 5080 --- [restartedMain] o.s.b.d.a.OptionalLiveReloadServer       : LiveReload server is running on port 35729
2021-10-28 14:12:03.374  INFO 5080 --- [restartedMain] o.s.b.web.embedded.netty.NettyWebServer  : Netty started on port 8080
2021-10-28 14:12:03.418  INFO 5080 --- [restartedMain] com.catapi.CatServicesApiApplication     : Started CatServicesApiApplication in 0.665 seconds (JVM running for 7054.476)
2021-10-28 14:12:03.434  INFO 5080 --- [restartedMain] .ConditionEvaluationDeltaLoggingListener : Condition evaluation unchanged
2021-10-28 14:12:03.453  WARN 5080 --- [reactor-tcp-nio-7] dev.miku.r2dbc.mysql.MySqlConnection     : The server timezone is <India Standard Time> that's unknown, trying to use system default timezone
2021-10-28 14:12:03.453  WARN 5080 --- [reactor-tcp-nio-6] dev.miku.r2dbc.mysql.MySqlConnection     : The server timezone is <India Standard Time> that's unknown, trying to use system default timezone
2021-10-28 14:12:07.127  INFO 5080 --- [restartedMain] com.catapi.CatServicesApiApplication     : Starting CatServicesApiApplication using Java 1.8.0_152 on MPL-77GTVZ2 with PID 5080 (C:\Users\rohit.godara\Documents\workspace-spring-tool-suite-4-4.10.0.RELEASE\cat-services-api\target\classes started by rohit.godara in C:\Users\rohit.godara\Documents\workspace-spring-tool-suite-4-4.10.0.RELEASE\cat-services-api)
2021-10-28 14:12:07.128  INFO 5080 --- [restartedMain] com.catapi.CatServicesApiApplication     : The following profiles are active: dev
2021-10-28 14:12:07.381  INFO 5080 --- [restartedMain] .s.d.r.c.RepositoryConfigurationDelegate : Bootstrapping Spring Data R2DBC repositories in DEFAULT mode.
2021-10-28 14:12:07.400  INFO 5080 --- [restartedMain] .s.d.r.c.RepositoryConfigurationDelegate : Finished Spring Data repository scanning in 19 ms. Found 3 R2DBC repository interfaces.
2021-10-28 14:12:07.480  INFO 5080 --- [restartedMain] o.s.b.d.a.OptionalLiveReloadServer       : LiveReload server is running on port 35729
2021-10-28 14:12:07.639  INFO 5080 --- [restartedMain] o.s.b.web.embedded.netty.NettyWebServer  : Netty started on port 8080
2021-10-28 14:12:07.679  INFO 5080 --- [restartedMain] com.catapi.CatServicesApiApplication     : Started CatServicesApiApplication in 0.574 seconds (JVM running for 7058.737)
2021-10-28 14:12:07.686  INFO 5080 --- [restartedMain] .ConditionEvaluationDeltaLoggingListener : Condition evaluation unchanged
2021-10-28 14:12:07.705  WARN 5080 --- [reactor-tcp-nio-1] dev.miku.r2dbc.mysql.MySqlConnection     : The server timezone is <India Standard Time> that's unknown, trying to use system default timezone
2021-10-28 14:12:07.709  WARN 5080 --- [reactor-tcp-nio-8] dev.miku.r2dbc.mysql.MySqlConnection     : The server timezone is <India Standard Time> that's unknown, trying to use system default timezone
2021-10-28 14:12:12.355  INFO 5080 --- [restartedMain] com.catapi.CatServicesApiApplication     : Starting CatServicesApiApplication using Java 1.8.0_152 on MPL-77GTVZ2 with PID 5080 (C:\Users\rohit.godara\Documents\workspace-spring-tool-suite-4-4.10.0.RELEASE\cat-services-api\target\classes started by rohit.godara in C:\Users\rohit.godara\Documents\workspace-spring-tool-suite-4-4.10.0.RELEASE\cat-services-api)
2021-10-28 14:12:12.355  INFO 5080 --- [restartedMain] com.catapi.CatServicesApiApplication     : The following profiles are active: dev
2021-10-28 14:12:12.626  INFO 5080 --- [restartedMain] .s.d.r.c.RepositoryConfigurationDelegate : Bootstrapping Spring Data R2DBC repositories in DEFAULT mode.
2021-10-28 14:12:12.645  INFO 5080 --- [restartedMain] .s.d.r.c.RepositoryConfigurationDelegate : Finished Spring Data repository scanning in 18 ms. Found 3 R2DBC repository interfaces.
2021-10-28 14:12:12.728  INFO 5080 --- [restartedMain] o.s.b.d.a.OptionalLiveReloadServer       : LiveReload server is running on port 35729
2021-10-28 14:12:12.879  INFO 5080 --- [restartedMain] o.s.b.web.embedded.netty.NettyWebServer  : Netty started on port 8080
2021-10-28 14:12:12.918  INFO 5080 --- [restartedMain] com.catapi.CatServicesApiApplication     : Started CatServicesApiApplication in 0.589 seconds (JVM running for 7063.977)
2021-10-28 14:12:12.923  INFO 5080 --- [restartedMain] .ConditionEvaluationDeltaLoggingListener : Condition evaluation unchanged
2021-10-28 14:12:12.941  WARN 5080 --- [reactor-tcp-nio-2] dev.miku.r2dbc.mysql.MySqlConnection     : The server timezone is <India Standard Time> that's unknown, trying to use system default timezone
2021-10-28 14:12:12.978  WARN 5080 --- [reactor-tcp-nio-3] dev.miku.r2dbc.mysql.MySqlConnection     : The server timezone is <India Standard Time> that's unknown, trying to use system default timezone
2021-10-28 14:12:25.945  INFO 5080 --- [restartedMain] com.catapi.CatServicesApiApplication     : Starting CatServicesApiApplication using Java 1.8.0_152 on MPL-77GTVZ2 with PID 5080 (C:\Users\rohit.godara\Documents\workspace-spring-tool-suite-4-4.10.0.RELEASE\cat-services-api\target\classes started by rohit.godara in C:\Users\rohit.godara\Documents\workspace-spring-tool-suite-4-4.10.0.RELEASE\cat-services-api)
2021-10-28 14:12:25.945  INFO 5080 --- [restartedMain] com.catapi.CatServicesApiApplication     : The following profiles are active: dev
2021-10-28 14:12:26.203  INFO 5080 --- [restartedMain] .s.d.r.c.RepositoryConfigurationDelegate : Bootstrapping Spring Data R2DBC repositories in DEFAULT mode.
2021-10-28 14:12:26.222  INFO 5080 --- [restartedMain] .s.d.r.c.RepositoryConfigurationDelegate : Finished Spring Data repository scanning in 18 ms. Found 3 R2DBC repository interfaces.
2021-10-28 14:12:26.296  INFO 5080 --- [restartedMain] o.s.b.d.a.OptionalLiveReloadServer       : LiveReload server is running on port 35729
2021-10-28 14:12:26.447  INFO 5080 --- [restartedMain] o.s.b.web.embedded.netty.NettyWebServer  : Netty started on port 8080
2021-10-28 14:12:26.484  INFO 5080 --- [restartedMain] com.catapi.CatServicesApiApplication     : Started CatServicesApiApplication in 0.563 seconds (JVM running for 7077.543)
2021-10-28 14:12:26.489  INFO 5080 --- [restartedMain] .ConditionEvaluationDeltaLoggingListener : Condition evaluation unchanged
2021-10-28 14:12:26.506  WARN 5080 --- [reactor-tcp-nio-4] dev.miku.r2dbc.mysql.MySqlConnection     : The server timezone is <India Standard Time> that's unknown, trying to use system default timezone
2021-10-28 14:12:26.506  WARN 5080 --- [reactor-tcp-nio-5] dev.miku.r2dbc.mysql.MySqlConnection     : The server timezone is <India Standard Time> that's unknown, trying to use system default timezone
2021-10-28 14:12:40.576  INFO 5080 --- [restartedMain] com.catapi.CatServicesApiApplication     : Starting CatServicesApiApplication using Java 1.8.0_152 on MPL-77GTVZ2 with PID 5080 (C:\Users\rohit.godara\Documents\workspace-spring-tool-suite-4-4.10.0.RELEASE\cat-services-api\target\classes started by rohit.godara in C:\Users\rohit.godara\Documents\workspace-spring-tool-suite-4-4.10.0.RELEASE\cat-services-api)
2021-10-28 14:12:40.576  INFO 5080 --- [restartedMain] com.catapi.CatServicesApiApplication     : The following profiles are active: dev
2021-10-28 14:12:40.849  INFO 5080 --- [restartedMain] .s.d.r.c.RepositoryConfigurationDelegate : Bootstrapping Spring Data R2DBC repositories in DEFAULT mode.
2021-10-28 14:12:40.869  INFO 5080 --- [restartedMain] .s.d.r.c.RepositoryConfigurationDelegate : Finished Spring Data repository scanning in 19 ms. Found 3 R2DBC repository interfaces.
2021-10-28 14:12:40.945  INFO 5080 --- [restartedMain] o.s.b.d.a.OptionalLiveReloadServer       : LiveReload server is running on port 35729
2021-10-28 14:12:41.092  INFO 5080 --- [restartedMain] o.s.b.web.embedded.netty.NettyWebServer  : Netty started on port 8080
2021-10-28 14:12:41.128  INFO 5080 --- [restartedMain] com.catapi.CatServicesApiApplication     : Started CatServicesApiApplication in 0.576 seconds (JVM running for 7092.186)
2021-10-28 14:12:41.133  INFO 5080 --- [restartedMain] .ConditionEvaluationDeltaLoggingListener : Condition evaluation unchanged
2021-10-28 14:12:41.150  WARN 5080 --- [reactor-tcp-nio-6] dev.miku.r2dbc.mysql.MySqlConnection     : The server timezone is <India Standard Time> that's unknown, trying to use system default timezone
2021-10-28 14:12:41.150  WARN 5080 --- [reactor-tcp-nio-7] dev.miku.r2dbc.mysql.MySqlConnection     : The server timezone is <India Standard Time> that's unknown, trying to use system default timezone
2021-10-28 14:12:44.791  INFO 5080 --- [restartedMain] com.catapi.CatServicesApiApplication     : Starting CatServicesApiApplication using Java 1.8.0_152 on MPL-77GTVZ2 with PID 5080 (C:\Users\rohit.godara\Documents\workspace-spring-tool-suite-4-4.10.0.RELEASE\cat-services-api\target\classes started by rohit.godara in C:\Users\rohit.godara\Documents\workspace-spring-tool-suite-4-4.10.0.RELEASE\cat-services-api)
2021-10-28 14:12:44.791  INFO 5080 --- [restartedMain] com.catapi.CatServicesApiApplication     : The following profiles are active: dev
2021-10-28 14:12:45.042  INFO 5080 --- [restartedMain] .s.d.r.c.RepositoryConfigurationDelegate : Bootstrapping Spring Data R2DBC repositories in DEFAULT mode.
2021-10-28 14:12:45.061  INFO 5080 --- [restartedMain] .s.d.r.c.RepositoryConfigurationDelegate : Finished Spring Data repository scanning in 19 ms. Found 3 R2DBC repository interfaces.
2021-10-28 14:12:45.138  INFO 5080 --- [restartedMain] o.s.b.d.a.OptionalLiveReloadServer       : LiveReload server is running on port 35729
2021-10-28 14:12:45.284  INFO 5080 --- [restartedMain] o.s.b.web.embedded.netty.NettyWebServer  : Netty started on port 8080
2021-10-28 14:12:45.321  INFO 5080 --- [restartedMain] com.catapi.CatServicesApiApplication     : Started CatServicesApiApplication in 0.554 seconds (JVM running for 7096.38)
2021-10-28 14:12:45.326  INFO 5080 --- [restartedMain] .ConditionEvaluationDeltaLoggingListener : Condition evaluation unchanged
2021-10-28 14:12:45.343  WARN 5080 --- [reactor-tcp-nio-1] dev.miku.r2dbc.mysql.MySqlConnection     : The server timezone is <India Standard Time> that's unknown, trying to use system default timezone
2021-10-28 14:12:45.344  WARN 5080 --- [reactor-tcp-nio-8] dev.miku.r2dbc.mysql.MySqlConnection     : The server timezone is <India Standard Time> that's unknown, trying to use system default timezone
2021-10-28 14:13:46.019  INFO 5080 --- [restartedMain] com.catapi.CatServicesApiApplication     : Starting CatServicesApiApplication using Java 1.8.0_152 on MPL-77GTVZ2 with PID 5080 (C:\Users\rohit.godara\Documents\workspace-spring-tool-suite-4-4.10.0.RELEASE\cat-services-api\target\classes started by rohit.godara in C:\Users\rohit.godara\Documents\workspace-spring-tool-suite-4-4.10.0.RELEASE\cat-services-api)
2021-10-28 14:13:46.019  INFO 5080 --- [restartedMain] com.catapi.CatServicesApiApplication     : The following profiles are active: dev
2021-10-28 14:13:46.291  INFO 5080 --- [restartedMain] .s.d.r.c.RepositoryConfigurationDelegate : Bootstrapping Spring Data R2DBC repositories in DEFAULT mode.
2021-10-28 14:13:46.310  INFO 5080 --- [restartedMain] .s.d.r.c.RepositoryConfigurationDelegate : Finished Spring Data repository scanning in 19 ms. Found 3 R2DBC repository interfaces.
2021-10-28 14:13:46.388  INFO 5080 --- [restartedMain] o.s.b.d.a.OptionalLiveReloadServer       : LiveReload server is running on port 35729
2021-10-28 14:13:46.536  INFO 5080 --- [restartedMain] o.s.b.web.embedded.netty.NettyWebServer  : Netty started on port 8080
2021-10-28 14:13:46.573  INFO 5080 --- [restartedMain] com.catapi.CatServicesApiApplication     : Started CatServicesApiApplication in 0.578 seconds (JVM running for 7157.632)
2021-10-28 14:13:46.578  INFO 5080 --- [restartedMain] .ConditionEvaluationDeltaLoggingListener : Condition evaluation unchanged
2021-10-28 14:13:46.596  WARN 5080 --- [reactor-tcp-nio-2] dev.miku.r2dbc.mysql.MySqlConnection     : The server timezone is <India Standard Time> that's unknown, trying to use system default timezone
2021-10-28 14:13:46.596  WARN 5080 --- [reactor-tcp-nio-3] dev.miku.r2dbc.mysql.MySqlConnection     : The server timezone is <India Standard Time> that's unknown, trying to use system default timezone
2021-10-28 14:13:56.434  INFO 5080 --- [restartedMain] com.catapi.CatServicesApiApplication     : Starting CatServicesApiApplication using Java 1.8.0_152 on MPL-77GTVZ2 with PID 5080 (C:\Users\rohit.godara\Documents\workspace-spring-tool-suite-4-4.10.0.RELEASE\cat-services-api\target\classes started by rohit.godara in C:\Users\rohit.godara\Documents\workspace-spring-tool-suite-4-4.10.0.RELEASE\cat-services-api)
2021-10-28 14:13:56.434  INFO 5080 --- [restartedMain] com.catapi.CatServicesApiApplication     : The following profiles are active: dev
2021-10-28 14:13:56.779  INFO 5080 --- [restartedMain] .s.d.r.c.RepositoryConfigurationDelegate : Bootstrapping Spring Data R2DBC repositories in DEFAULT mode.
2021-10-28 14:13:56.806  INFO 5080 --- [restartedMain] .s.d.r.c.RepositoryConfigurationDelegate : Finished Spring Data repository scanning in 26 ms. Found 3 R2DBC repository interfaces.
2021-10-28 14:13:56.890  INFO 5080 --- [restartedMain] o.s.b.d.a.OptionalLiveReloadServer       : LiveReload server is running on port 35729
2021-10-28 14:13:57.041  INFO 5080 --- [restartedMain] o.s.b.web.embedded.netty.NettyWebServer  : Netty started on port 8080
2021-10-28 14:13:57.086  INFO 5080 --- [restartedMain] com.catapi.CatServicesApiApplication     : Started CatServicesApiApplication in 0.674 seconds (JVM running for 7168.144)
2021-10-28 14:13:57.091  INFO 5080 --- [restartedMain] .ConditionEvaluationDeltaLoggingListener : Condition evaluation unchanged
2021-10-28 14:13:57.108  WARN 5080 --- [reactor-tcp-nio-5] dev.miku.r2dbc.mysql.MySqlConnection     : The server timezone is <India Standard Time> that's unknown, trying to use system default timezone
2021-10-28 14:13:57.108  WARN 5080 --- [reactor-tcp-nio-4] dev.miku.r2dbc.mysql.MySqlConnection     : The server timezone is <India Standard Time> that's unknown, trying to use system default timezone
2021-10-28 14:14:00.757  INFO 5080 --- [restartedMain] com.catapi.CatServicesApiApplication     : Starting CatServicesApiApplication using Java 1.8.0_152 on MPL-77GTVZ2 with PID 5080 (C:\Users\rohit.godara\Documents\workspace-spring-tool-suite-4-4.10.0.RELEASE\cat-services-api\target\classes started by rohit.godara in C:\Users\rohit.godara\Documents\workspace-spring-tool-suite-4-4.10.0.RELEASE\cat-services-api)
2021-10-28 14:14:00.757  INFO 5080 --- [restartedMain] com.catapi.CatServicesApiApplication     : The following profiles are active: dev
2021-10-28 14:14:01.020  INFO 5080 --- [restartedMain] .s.d.r.c.RepositoryConfigurationDelegate : Bootstrapping Spring Data R2DBC repositories in DEFAULT mode.
2021-10-28 14:14:01.039  INFO 5080 --- [restartedMain] .s.d.r.c.RepositoryConfigurationDelegate : Finished Spring Data repository scanning in 19 ms. Found 3 R2DBC repository interfaces.
2021-10-28 14:14:01.119  INFO 5080 --- [restartedMain] o.s.b.d.a.OptionalLiveReloadServer       : LiveReload server is running on port 35729
2021-10-28 14:14:01.272  INFO 5080 --- [restartedMain] o.s.b.web.embedded.netty.NettyWebServer  : Netty started on port 8080
2021-10-28 14:14:01.311  INFO 5080 --- [restartedMain] com.catapi.CatServicesApiApplication     : Started CatServicesApiApplication in 0.576 seconds (JVM running for 7172.369)
2021-10-28 14:14:01.316  INFO 5080 --- [restartedMain] .ConditionEvaluationDeltaLoggingListener : Condition evaluation unchanged
2021-10-28 14:14:01.335  WARN 5080 --- [reactor-tcp-nio-6] dev.miku.r2dbc.mysql.MySqlConnection     : The server timezone is <India Standard Time> that's unknown, trying to use system default timezone
2021-10-28 14:14:01.337  WARN 5080 --- [reactor-tcp-nio-7] dev.miku.r2dbc.mysql.MySqlConnection     : The server timezone is <India Standard Time> that's unknown, trying to use system default timezone
2021-10-28 14:14:09.060  INFO 5080 --- [restartedMain] com.catapi.CatServicesApiApplication     : Starting CatServicesApiApplication using Java 1.8.0_152 on MPL-77GTVZ2 with PID 5080 (C:\Users\rohit.godara\Documents\workspace-spring-tool-suite-4-4.10.0.RELEASE\cat-services-api\target\classes started by rohit.godara in C:\Users\rohit.godara\Documents\workspace-spring-tool-suite-4-4.10.0.RELEASE\cat-services-api)
2021-10-28 14:14:09.061  INFO 5080 --- [restartedMain] com.catapi.CatServicesApiApplication     : The following profiles are active: dev
2021-10-28 14:14:09.313  INFO 5080 --- [restartedMain] .s.d.r.c.RepositoryConfigurationDelegate : Bootstrapping Spring Data R2DBC repositories in DEFAULT mode.
2021-10-28 14:14:09.331  INFO 5080 --- [restartedMain] .s.d.r.c.RepositoryConfigurationDelegate : Finished Spring Data repository scanning in 17 ms. Found 3 R2DBC repository interfaces.
2021-10-28 14:14:09.409  INFO 5080 --- [restartedMain] o.s.b.d.a.OptionalLiveReloadServer       : LiveReload server is running on port 35729
2021-10-28 14:14:09.559  INFO 5080 --- [restartedMain] o.s.b.web.embedded.netty.NettyWebServer  : Netty started on port 8080
2021-10-28 14:14:09.593  INFO 5080 --- [restartedMain] com.catapi.CatServicesApiApplication     : Started CatServicesApiApplication in 0.556 seconds (JVM running for 7180.651)
2021-10-28 14:14:09.598  INFO 5080 --- [restartedMain] .ConditionEvaluationDeltaLoggingListener : Condition evaluation unchanged
2021-10-28 14:14:09.615  WARN 5080 --- [reactor-tcp-nio-8] dev.miku.r2dbc.mysql.MySqlConnection     : The server timezone is <India Standard Time> that's unknown, trying to use system default timezone
2021-10-28 14:14:09.615  WARN 5080 --- [reactor-tcp-nio-1] dev.miku.r2dbc.mysql.MySqlConnection     : The server timezone is <India Standard Time> that's unknown, trying to use system default timezone
2021-10-28 14:14:14.295  INFO 5080 --- [restartedMain] com.catapi.CatServicesApiApplication     : Starting CatServicesApiApplication using Java 1.8.0_152 on MPL-77GTVZ2 with PID 5080 (C:\Users\rohit.godara\Documents\workspace-spring-tool-suite-4-4.10.0.RELEASE\cat-services-api\target\classes started by rohit.godara in C:\Users\rohit.godara\Documents\workspace-spring-tool-suite-4-4.10.0.RELEASE\cat-services-api)
2021-10-28 14:14:14.296  INFO 5080 --- [restartedMain] com.catapi.CatServicesApiApplication     : The following profiles are active: dev
2021-10-28 14:14:14.564  INFO 5080 --- [restartedMain] .s.d.r.c.RepositoryConfigurationDelegate : Bootstrapping Spring Data R2DBC repositories in DEFAULT mode.
2021-10-28 14:14:14.582  INFO 5080 --- [restartedMain] .s.d.r.c.RepositoryConfigurationDelegate : Finished Spring Data repository scanning in 18 ms. Found 3 R2DBC repository interfaces.
2021-10-28 14:14:14.663  INFO 5080 --- [restartedMain] o.s.b.d.a.OptionalLiveReloadServer       : LiveReload server is running on port 35729
2021-10-28 14:14:14.848  INFO 5080 --- [restartedMain] o.s.b.web.embedded.netty.NettyWebServer  : Netty started on port 8080
2021-10-28 14:14:14.884  INFO 5080 --- [restartedMain] com.catapi.CatServicesApiApplication     : Started CatServicesApiApplication in 0.613 seconds (JVM running for 7185.942)
2021-10-28 14:14:14.890  INFO 5080 --- [restartedMain] .ConditionEvaluationDeltaLoggingListener : Condition evaluation unchanged
2021-10-28 14:14:14.906  WARN 5080 --- [reactor-tcp-nio-2] dev.miku.r2dbc.mysql.MySqlConnection     : The server timezone is <India Standard Time> that's unknown, trying to use system default timezone
2021-10-28 14:14:14.909  WARN 5080 --- [reactor-tcp-nio-3] dev.miku.r2dbc.mysql.MySqlConnection     : The server timezone is <India Standard Time> that's unknown, trying to use system default timezone
2021-10-28 14:17:08.631  INFO 5080 --- [restartedMain] com.catapi.CatServicesApiApplication     : Starting CatServicesApiApplication using Java 1.8.0_152 on MPL-77GTVZ2 with PID 5080 (C:\Users\rohit.godara\Documents\workspace-spring-tool-suite-4-4.10.0.RELEASE\cat-services-api\target\classes started by rohit.godara in C:\Users\rohit.godara\Documents\workspace-spring-tool-suite-4-4.10.0.RELEASE\cat-services-api)
2021-10-28 14:17:08.631  INFO 5080 --- [restartedMain] com.catapi.CatServicesApiApplication     : The following profiles are active: dev
2021-10-28 14:17:08.898  INFO 5080 --- [restartedMain] .s.d.r.c.RepositoryConfigurationDelegate : Bootstrapping Spring Data R2DBC repositories in DEFAULT mode.
2021-10-28 14:17:08.918  INFO 5080 --- [restartedMain] .s.d.r.c.RepositoryConfigurationDelegate : Finished Spring Data repository scanning in 19 ms. Found 3 R2DBC repository interfaces.
2021-10-28 14:17:09.001  INFO 5080 --- [restartedMain] o.s.b.d.a.OptionalLiveReloadServer       : LiveReload server is running on port 35729
2021-10-28 14:17:09.178  INFO 5080 --- [restartedMain] o.s.b.web.embedded.netty.NettyWebServer  : Netty started on port 8080
2021-10-28 14:17:09.231  INFO 5080 --- [restartedMain] com.catapi.CatServicesApiApplication     : Started CatServicesApiApplication in 0.624 seconds (JVM running for 7360.287)
2021-10-28 14:17:09.242  INFO 5080 --- [restartedMain] .ConditionEvaluationDeltaLoggingListener : Condition evaluation unchanged
2021-10-28 14:17:09.262  WARN 5080 --- [reactor-tcp-nio-5] dev.miku.r2dbc.mysql.MySqlConnection     : The server timezone is <India Standard Time> that's unknown, trying to use system default timezone
2021-10-28 14:17:09.262  WARN 5080 --- [reactor-tcp-nio-4] dev.miku.r2dbc.mysql.MySqlConnection     : The server timezone is <India Standard Time> that's unknown, trying to use system default timezone
2021-10-28 14:17:12.874  INFO 5080 --- [restartedMain] com.catapi.CatServicesApiApplication     : Starting CatServicesApiApplication using Java 1.8.0_152 on MPL-77GTVZ2 with PID 5080 (C:\Users\rohit.godara\Documents\workspace-spring-tool-suite-4-4.10.0.RELEASE\cat-services-api\target\classes started by rohit.godara in C:\Users\rohit.godara\Documents\workspace-spring-tool-suite-4-4.10.0.RELEASE\cat-services-api)
2021-10-28 14:17:12.875  INFO 5080 --- [restartedMain] com.catapi.CatServicesApiApplication     : The following profiles are active: dev
2021-10-28 14:17:13.130  INFO 5080 --- [restartedMain] .s.d.r.c.RepositoryConfigurationDelegate : Bootstrapping Spring Data R2DBC repositories in DEFAULT mode.
2021-10-28 14:17:13.148  INFO 5080 --- [restartedMain] .s.d.r.c.RepositoryConfigurationDelegate : Finished Spring Data repository scanning in 18 ms. Found 3 R2DBC repository interfaces.
2021-10-28 14:17:13.225  INFO 5080 --- [restartedMain] o.s.b.d.a.OptionalLiveReloadServer       : LiveReload server is running on port 35729
2021-10-28 14:17:13.372  INFO 5080 --- [restartedMain] o.s.b.web.embedded.netty.NettyWebServer  : Netty started on port 8080
2021-10-28 14:17:13.406  INFO 5080 --- [restartedMain] com.catapi.CatServicesApiApplication     : Started CatServicesApiApplication in 0.554 seconds (JVM running for 7364.461)
2021-10-28 14:17:13.411  INFO 5080 --- [restartedMain] .ConditionEvaluationDeltaLoggingListener : Condition evaluation unchanged
2021-10-28 14:17:13.429  WARN 5080 --- [reactor-tcp-nio-7] dev.miku.r2dbc.mysql.MySqlConnection     : The server timezone is <India Standard Time> that's unknown, trying to use system default timezone
2021-10-28 14:17:13.430  WARN 5080 --- [reactor-tcp-nio-6] dev.miku.r2dbc.mysql.MySqlConnection     : The server timezone is <India Standard Time> that's unknown, trying to use system default timezone
2021-10-28 14:17:20.847  WARN 5080 --- [reactor-tcp-nio-8] dev.miku.r2dbc.mysql.MySqlConnection     : The server timezone is <India Standard Time> that's unknown, trying to use system default timezone
2021-10-28 14:17:28.661  WARN 5080 --- [reactor-tcp-nio-1] dev.miku.r2dbc.mysql.MySqlConnection     : The server timezone is <India Standard Time> that's unknown, trying to use system default timezone
2021-10-28 14:17:28.691  WARN 5080 --- [reactor-tcp-nio-1] dev.miku.r2dbc.mysql.MySqlConnection     : The server timezone is <India Standard Time> that's unknown, trying to use system default timezone
2021-10-28 14:17:28.793 ERROR 5080 --- [boundedElastic-3] com.catapi.controller.LoginController    : error while authenticating user for given id admin@magicsoft.com 

org.springframework.security.authentication.BadCredentialsException: Invalid Credentials
	at org.springframework.security.authentication.AbstractUserDetailsReactiveAuthenticationManager.lambda$authenticate$1(AbstractUserDetailsReactiveAuthenticationManager.java:102) ~[spring-security-core-5.5.2.jar:5.5.2]
	at reactor.core.publisher.MonoDefer.subscribe(MonoDefer.java:44) ~[reactor-core-3.4.10.jar:3.4.10]
	at reactor.core.publisher.Mono.subscribe(Mono.java:4361) ~[reactor-core-3.4.10.jar:3.4.10]
	at reactor.core.publisher.FluxSwitchIfEmpty$SwitchIfEmptySubscriber.onComplete(FluxSwitchIfEmpty.java:82) ~[reactor-core-3.4.10.jar:3.4.10]
	at reactor.core.publisher.FluxFilter$FilterSubscriber.onComplete(FluxFilter.java:166) ~[reactor-core-3.4.10.jar:3.4.10]
	at reactor.core.publisher.MonoPublishOn$PublishOnSubscriber.run(MonoPublishOn.java:182) ~[reactor-core-3.4.10.jar:3.4.10]
	at reactor.core.scheduler.SchedulerTask.call(SchedulerTask.java:68) ~[reactor-core-3.4.10.jar:3.4.10]
	at reactor.core.scheduler.SchedulerTask.call(SchedulerTask.java:28) ~[reactor-core-3.4.10.jar:3.4.10]
	at java.util.concurrent.FutureTask.run(FutureTask.java:266) ~[na:1.8.0_152]
	at java.util.concurrent.ScheduledThreadPoolExecutor$ScheduledFutureTask.access$201(ScheduledThreadPoolExecutor.java:180) ~[na:1.8.0_152]
	at java.util.concurrent.ScheduledThreadPoolExecutor$ScheduledFutureTask.run(ScheduledThreadPoolExecutor.java:293) ~[na:1.8.0_152]
	at java.util.concurrent.ThreadPoolExecutor.runWorker(ThreadPoolExecutor.java:1149) ~[na:1.8.0_152]
	at java.util.concurrent.ThreadPoolExecutor$Worker.run(ThreadPoolExecutor.java:624) ~[na:1.8.0_152]
	at java.lang.Thread.run(Thread.java:748) ~[na:1.8.0_152]

2021-10-28 14:17:35.578  WARN 5080 --- [reactor-tcp-nio-2] dev.miku.r2dbc.mysql.MySqlConnection     : The server timezone is <India Standard Time> that's unknown, trying to use system default timezone
2021-10-28 14:17:35.599  WARN 5080 --- [reactor-tcp-nio-2] dev.miku.r2dbc.mysql.MySqlConnection     : The server timezone is <India Standard Time> that's unknown, trying to use system default timezone
2021-10-28 14:17:35.702  WARN 5080 --- [reactor-tcp-nio-3] dev.miku.r2dbc.mysql.MySqlConnection     : The server timezone is <India Standard Time> that's unknown, trying to use system default timezone
2021-10-28 14:17:35.723  WARN 5080 --- [reactor-tcp-nio-3] dev.miku.r2dbc.mysql.MySqlConnection     : The server timezone is <India Standard Time> that's unknown, trying to use system default timezone
2021-10-28 14:19:35.156  WARN 5080 --- [reactor-tcp-nio-4] dev.miku.r2dbc.mysql.MySqlConnection     : The server timezone is <India Standard Time> that's unknown, trying to use system default timezone
2021-10-28 14:19:35.175  WARN 5080 --- [reactor-tcp-nio-4] dev.miku.r2dbc.mysql.MySqlConnection     : The server timezone is <India Standard Time> that's unknown, trying to use system default timezone
2021-10-28 14:19:35.277  WARN 5080 --- [reactor-tcp-nio-5] dev.miku.r2dbc.mysql.MySqlConnection     : The server timezone is <India Standard Time> that's unknown, trying to use system default timezone
2021-10-28 14:19:35.302  WARN 5080 --- [reactor-tcp-nio-5] dev.miku.r2dbc.mysql.MySqlConnection     : The server timezone is <India Standard Time> that's unknown, trying to use system default timezone
2021-10-28 15:51:32.463  INFO 5080 --- [restartedMain] com.catapi.CatServicesApiApplication     : Starting CatServicesApiApplication using Java 1.8.0_152 on MPL-77GTVZ2 with PID 5080 (C:\Users\rohit.godara\Documents\workspace-spring-tool-suite-4-4.10.0.RELEASE\cat-services-api\target\classes started by rohit.godara in C:\Users\rohit.godara\Documents\workspace-spring-tool-suite-4-4.10.0.RELEASE\cat-services-api)
2021-10-28 15:51:32.463  INFO 5080 --- [restartedMain] com.catapi.CatServicesApiApplication     : The following profiles are active: dev
2021-10-28 15:51:32.768  INFO 5080 --- [restartedMain] .s.d.r.c.RepositoryConfigurationDelegate : Bootstrapping Spring Data R2DBC repositories in DEFAULT mode.
2021-10-28 15:51:32.787  INFO 5080 --- [restartedMain] .s.d.r.c.RepositoryConfigurationDelegate : Finished Spring Data repository scanning in 18 ms. Found 3 R2DBC repository interfaces.
2021-10-28 15:51:32.883  INFO 5080 --- [restartedMain] o.s.b.d.a.OptionalLiveReloadServer       : LiveReload server is running on port 35729
2021-10-28 15:51:33.055  INFO 5080 --- [restartedMain] o.s.b.web.embedded.netty.NettyWebServer  : Netty started on port 8080
2021-10-28 15:51:33.092  INFO 5080 --- [restartedMain] com.catapi.CatServicesApiApplication     : Started CatServicesApiApplication in 0.66 seconds (JVM running for 13024.111)
2021-10-28 15:51:33.097  INFO 5080 --- [restartedMain] .ConditionEvaluationDeltaLoggingListener : Condition evaluation unchanged
2021-10-28 15:51:33.114  WARN 5080 --- [reactor-tcp-nio-7] dev.miku.r2dbc.mysql.MySqlConnection     : The server timezone is <India Standard Time> that's unknown, trying to use system default timezone
2021-10-28 15:51:33.114  WARN 5080 --- [reactor-tcp-nio-6] dev.miku.r2dbc.mysql.MySqlConnection     : The server timezone is <India Standard Time> that's unknown, trying to use system default timezone
2021-10-28 15:51:40.841  INFO 5080 --- [RMI TCP Connection(265)-127.0.0.1] inMXBeanRegistrar$SpringApplicationAdmin : Application shutdown requested.
2021-10-28 15:52:36.181  INFO 10872 --- [restartedMain] com.catapi.CatServicesApiApplication     : Starting CatServicesApiApplication using Java 1.8.0_152 on MPL-77GTVZ2 with PID 10872 (C:\Users\rohit.godara\Documents\workspace-spring-tool-suite-4-4.10.0.RELEASE\cat-services-api\target\classes started by rohit.godara in C:\Users\rohit.godara\Documents\workspace-spring-tool-suite-4-4.10.0.RELEASE\cat-services-api)
2021-10-28 15:52:36.183  INFO 10872 --- [restartedMain] com.catapi.CatServicesApiApplication     : The following profiles are active: dev
2021-10-28 15:52:36.221  INFO 10872 --- [restartedMain] .e.DevToolsPropertyDefaultsPostProcessor : Devtools property defaults active! Set 'spring.devtools.add-properties' to 'false' to disable
2021-10-28 15:52:36.222  INFO 10872 --- [restartedMain] .e.DevToolsPropertyDefaultsPostProcessor : For additional web related logging consider setting the 'logging.level.web' property to 'DEBUG'
2021-10-28 15:52:36.983  INFO 10872 --- [restartedMain] .s.d.r.c.RepositoryConfigurationDelegate : Bootstrapping Spring Data R2DBC repositories in DEFAULT mode.
2021-10-28 15:52:37.138  INFO 10872 --- [restartedMain] .s.d.r.c.RepositoryConfigurationDelegate : Finished Spring Data repository scanning in 150 ms. Found 3 R2DBC repository interfaces.
2021-10-28 15:52:37.913  INFO 10872 --- [restartedMain] o.s.b.d.a.OptionalLiveReloadServer       : LiveReload server is running on port 35729
2021-10-28 15:52:39.524  INFO 10872 --- [restartedMain] o.s.b.web.embedded.netty.NettyWebServer  : Netty started on port 8080
2021-10-28 15:52:39.745  INFO 10872 --- [restartedMain] com.catapi.CatServicesApiApplication     : Started CatServicesApiApplication in 3.925 seconds (JVM running for 4.886)
2021-10-28 15:54:39.356  INFO 10872 --- [restartedMain] com.catapi.CatServicesApiApplication     : Starting CatServicesApiApplication using Java 1.8.0_152 on MPL-77GTVZ2 with PID 10872 (C:\Users\rohit.godara\Documents\workspace-spring-tool-suite-4-4.10.0.RELEASE\cat-services-api\target\classes started by rohit.godara in C:\Users\rohit.godara\Documents\workspace-spring-tool-suite-4-4.10.0.RELEASE\cat-services-api)
2021-10-28 15:54:39.356  INFO 10872 --- [restartedMain] com.catapi.CatServicesApiApplication     : The following profiles are active: dev
2021-10-28 15:54:39.662  INFO 10872 --- [restartedMain] .s.d.r.c.RepositoryConfigurationDelegate : Bootstrapping Spring Data R2DBC repositories in DEFAULT mode.
2021-10-28 15:54:39.683  INFO 10872 --- [restartedMain] .s.d.r.c.RepositoryConfigurationDelegate : Finished Spring Data repository scanning in 20 ms. Found 3 R2DBC repository interfaces.
2021-10-28 15:54:39.781  INFO 10872 --- [restartedMain] o.s.b.d.a.OptionalLiveReloadServer       : LiveReload server is running on port 35729
2021-10-28 15:54:39.954  INFO 10872 --- [restartedMain] o.s.b.web.embedded.netty.NettyWebServer  : Netty started on port 8080
2021-10-28 15:54:40.001  INFO 10872 --- [restartedMain] com.catapi.CatServicesApiApplication     : Started CatServicesApiApplication in 0.678 seconds (JVM running for 125.142)
2021-10-28 15:54:40.003  INFO 10872 --- [restartedMain] .ConditionEvaluationDeltaLoggingListener : Condition evaluation unchanged
2021-10-28 16:53:44.252  WARN 10872 --- [reactor-tcp-nio-2] dev.miku.r2dbc.mysql.MySqlConnection     : The server timezone is <India Standard Time> that's unknown, trying to use system default timezone
2021-10-28 17:02:14.577  INFO 10872 --- [restartedMain] com.catapi.CatServicesApiApplication     : Starting CatServicesApiApplication using Java 1.8.0_152 on MPL-77GTVZ2 with PID 10872 (C:\Users\rohit.godara\Documents\workspace-spring-tool-suite-4-4.10.0.RELEASE\cat-services-api\target\classes started by rohit.godara in C:\Users\rohit.godara\Documents\workspace-spring-tool-suite-4-4.10.0.RELEASE\cat-services-api)
2021-10-28 17:02:14.577  INFO 10872 --- [restartedMain] com.catapi.CatServicesApiApplication     : The following profiles are active: dev
2021-10-28 17:02:14.887  INFO 10872 --- [restartedMain] .s.d.r.c.RepositoryConfigurationDelegate : Bootstrapping Spring Data R2DBC repositories in DEFAULT mode.
2021-10-28 17:02:14.909  INFO 10872 --- [restartedMain] .s.d.r.c.RepositoryConfigurationDelegate : Finished Spring Data repository scanning in 21 ms. Found 3 R2DBC repository interfaces.
2021-10-28 17:02:15.019  INFO 10872 --- [restartedMain] o.s.b.d.a.OptionalLiveReloadServer       : LiveReload server is running on port 35729
2021-10-28 17:02:15.149  WARN 10872 --- [restartedMain] onfigReactiveWebServerApplicationContext : Exception encountered during context initialization - cancelling refresh attempt: org.springframework.beans.factory.BeanCreationException: Error creating bean with name 'springWebFilterChain' defined in class path resource [com/catapi/security/SecurityConfig.class]: Bean instantiation via factory method failed; nested exception is org.springframework.beans.BeanInstantiationException: Failed to instantiate [org.springframework.security.web.server.SecurityWebFilterChain]: Factory method 'springWebFilterChain' threw exception; nested exception is java.lang.Error: Unresolved compilation problem: 
	The method securityContextRepository(NoOpServerSecurityContextRepository) is undefined for the type ServerHttpSecurity.CorsSpec

2021-10-28 17:02:15.155  INFO 10872 --- [restartedMain] ConditionEvaluationReportLoggingListener : 

Error starting ApplicationContext. To display the conditions report re-run your application with 'debug' enabled.
2021-10-28 17:02:15.176 ERROR 10872 --- [restartedMain] o.s.boot.SpringApplication               : Application run failed

org.springframework.beans.factory.BeanCreationException: Error creating bean with name 'springWebFilterChain' defined in class path resource [com/catapi/security/SecurityConfig.class]: Bean instantiation via factory method failed; nested exception is org.springframework.beans.BeanInstantiationException: Failed to instantiate [org.springframework.security.web.server.SecurityWebFilterChain]: Factory method 'springWebFilterChain' threw exception; nested exception is java.lang.Error: Unresolved compilation problem: 
	The method securityContextRepository(NoOpServerSecurityContextRepository) is undefined for the type ServerHttpSecurity.CorsSpec

	at org.springframework.beans.factory.support.ConstructorResolver.instantiate(ConstructorResolver.java:658) ~[spring-beans-5.3.10.jar:5.3.10]
	at org.springframework.beans.factory.support.ConstructorResolver.instantiateUsingFactoryMethod(ConstructorResolver.java:638) ~[spring-beans-5.3.10.jar:5.3.10]
	at org.springframework.beans.factory.support.AbstractAutowireCapableBeanFactory.instantiateUsingFactoryMethod(AbstractAutowireCapableBeanFactory.java:1352) ~[spring-beans-5.3.10.jar:5.3.10]
	at org.springframework.beans.factory.support.AbstractAutowireCapableBeanFactory.createBeanInstance(AbstractAutowireCapableBeanFactory.java:1195) ~[spring-beans-5.3.10.jar:5.3.10]
	at org.springframework.beans.factory.support.AbstractAutowireCapableBeanFactory.doCreateBean(AbstractAutowireCapableBeanFactory.java:582) ~[spring-beans-5.3.10.jar:5.3.10]
	at org.springframework.beans.factory.support.AbstractAutowireCapableBeanFactory.createBean(AbstractAutowireCapableBeanFactory.java:542) ~[spring-beans-5.3.10.jar:5.3.10]
	at org.springframework.beans.factory.support.AbstractBeanFactory.lambda$doGetBean$0(AbstractBeanFactory.java:335) ~[spring-beans-5.3.10.jar:5.3.10]
	at org.springframework.beans.factory.support.DefaultSingletonBeanRegistry.getSingleton(DefaultSingletonBeanRegistry.java:234) ~[spring-beans-5.3.10.jar:5.3.10]
	at org.springframework.beans.factory.support.AbstractBeanFactory.doGetBean(AbstractBeanFactory.java:333) ~[spring-beans-5.3.10.jar:5.3.10]
	at org.springframework.beans.factory.support.AbstractBeanFactory.getBean(AbstractBeanFactory.java:208) ~[spring-beans-5.3.10.jar:5.3.10]
	at org.springframework.beans.factory.support.DefaultListableBeanFactory.preInstantiateSingletons(DefaultListableBeanFactory.java:944) ~[spring-beans-5.3.10.jar:5.3.10]
	at org.springframework.context.support.AbstractApplicationContext.finishBeanFactoryInitialization(AbstractApplicationContext.java:918) ~[spring-context-5.3.10.jar:5.3.10]
	at org.springframework.context.support.AbstractApplicationContext.refresh(AbstractApplicationContext.java:583) ~[spring-context-5.3.10.jar:5.3.10]
	at org.springframework.boot.web.reactive.context.ReactiveWebServerApplicationContext.refresh(ReactiveWebServerApplicationContext.java:64) ~[spring-boot-2.5.5.jar:2.5.5]
	at org.springframework.boot.SpringApplication.refresh(SpringApplication.java:754) [spring-boot-2.5.5.jar:2.5.5]
	at org.springframework.boot.SpringApplication.refreshContext(SpringApplication.java:434) [spring-boot-2.5.5.jar:2.5.5]
	at org.springframework.boot.SpringApplication.run(SpringApplication.java:338) [spring-boot-2.5.5.jar:2.5.5]
	at org.springframework.boot.SpringApplication.run(SpringApplication.java:1343) [spring-boot-2.5.5.jar:2.5.5]
	at org.springframework.boot.SpringApplication.run(SpringApplication.java:1332) [spring-boot-2.5.5.jar:2.5.5]
	at com.catapi.CatServicesApiApplication.main(CatServicesApiApplication.java:14) [classes/:na]
	at sun.reflect.NativeMethodAccessorImpl.invoke0(Native Method) ~[na:1.8.0_152]
	at sun.reflect.NativeMethodAccessorImpl.invoke(NativeMethodAccessorImpl.java:62) ~[na:1.8.0_152]
	at sun.reflect.DelegatingMethodAccessorImpl.invoke(DelegatingMethodAccessorImpl.java:43) ~[na:1.8.0_152]
	at java.lang.reflect.Method.invoke(Method.java:498) ~[na:1.8.0_152]
	at org.springframework.boot.devtools.restart.RestartLauncher.run(RestartLauncher.java:49) [spring-boot-devtools-2.5.5.jar:2.5.5]
Caused by: org.springframework.beans.BeanInstantiationException: Failed to instantiate [org.springframework.security.web.server.SecurityWebFilterChain]: Factory method 'springWebFilterChain' threw exception; nested exception is java.lang.Error: Unresolved compilation problem: 
	The method securityContextRepository(NoOpServerSecurityContextRepository) is undefined for the type ServerHttpSecurity.CorsSpec

	at org.springframework.beans.factory.support.SimpleInstantiationStrategy.instantiate(SimpleInstantiationStrategy.java:185) ~[spring-beans-5.3.10.jar:5.3.10]
	at org.springframework.beans.factory.support.ConstructorResolver.instantiate(ConstructorResolver.java:653) ~[spring-beans-5.3.10.jar:5.3.10]
	... 24 common frames omitted
Caused by: java.lang.Error: Unresolved compilation problem: 
	The method securityContextRepository(NoOpServerSecurityContextRepository) is undefined for the type ServerHttpSecurity.CorsSpec

	at com.catapi.security.SecurityConfig.springWebFilterChain(SecurityConfig.java:55) ~[classes/:na]
	at com.catapi.security.SecurityConfig$$EnhancerBySpringCGLIB$$cca9f6f6.CGLIB$springWebFilterChain$3(<generated>) ~[classes/:na]
	at com.catapi.security.SecurityConfig$$EnhancerBySpringCGLIB$$cca9f6f6$$FastClassBySpringCGLIB$$f18a983e.invoke(<generated>) ~[classes/:na]
	at org.springframework.cglib.proxy.MethodProxy.invokeSuper(MethodProxy.java:244) ~[spring-core-5.3.10.jar:5.3.10]
	at org.springframework.context.annotation.ConfigurationClassEnhancer$BeanMethodInterceptor.intercept(ConfigurationClassEnhancer.java:331) ~[spring-context-5.3.10.jar:5.3.10]
	at com.catapi.security.SecurityConfig$$EnhancerBySpringCGLIB$$cca9f6f6.springWebFilterChain(<generated>) ~[classes/:na]
	at sun.reflect.NativeMethodAccessorImpl.invoke0(Native Method) ~[na:1.8.0_152]
	at sun.reflect.NativeMethodAccessorImpl.invoke(NativeMethodAccessorImpl.java:62) ~[na:1.8.0_152]
	at sun.reflect.DelegatingMethodAccessorImpl.invoke(DelegatingMethodAccessorImpl.java:43) ~[na:1.8.0_152]
	at java.lang.reflect.Method.invoke(Method.java:498) ~[na:1.8.0_152]
	at org.springframework.beans.factory.support.SimpleInstantiationStrategy.instantiate(SimpleInstantiationStrategy.java:154) ~[spring-beans-5.3.10.jar:5.3.10]
	... 25 common frames omitted

2021-10-28 17:02:19.801  INFO 10872 --- [restartedMain] com.catapi.CatServicesApiApplication     : Starting CatServicesApiApplication using Java 1.8.0_152 on MPL-77GTVZ2 with PID 10872 (C:\Users\rohit.godara\Documents\workspace-spring-tool-suite-4-4.10.0.RELEASE\cat-services-api\target\classes started by rohit.godara in C:\Users\rohit.godara\Documents\workspace-spring-tool-suite-4-4.10.0.RELEASE\cat-services-api)
2021-10-28 17:02:19.802  INFO 10872 --- [restartedMain] com.catapi.CatServicesApiApplication     : The following profiles are active: dev
2021-10-28 17:02:20.120  INFO 10872 --- [restartedMain] .s.d.r.c.RepositoryConfigurationDelegate : Bootstrapping Spring Data R2DBC repositories in DEFAULT mode.
2021-10-28 17:02:20.141  INFO 10872 --- [restartedMain] .s.d.r.c.RepositoryConfigurationDelegate : Finished Spring Data repository scanning in 21 ms. Found 3 R2DBC repository interfaces.
2021-10-28 17:02:20.249  INFO 10872 --- [restartedMain] o.s.b.d.a.OptionalLiveReloadServer       : LiveReload server is running on port 35729
2021-10-28 17:02:20.477  INFO 10872 --- [restartedMain] o.s.b.web.embedded.netty.NettyWebServer  : Netty started on port 8080
2021-10-28 17:02:20.537  INFO 10872 --- [restartedMain] com.catapi.CatServicesApiApplication     : Started CatServicesApiApplication in 0.787 seconds (JVM running for 4185.648)
2021-10-28 17:02:20.539  INFO 10872 --- [restartedMain] .ConditionEvaluationDeltaLoggingListener : Condition evaluation unchanged
2021-10-28 17:10:22.893  INFO 10872 --- [restartedMain] com.catapi.CatServicesApiApplication     : Starting CatServicesApiApplication using Java 1.8.0_152 on MPL-77GTVZ2 with PID 10872 (C:\Users\rohit.godara\Documents\workspace-spring-tool-suite-4-4.10.0.RELEASE\cat-services-api\target\classes started by rohit.godara in C:\Users\rohit.godara\Documents\workspace-spring-tool-suite-4-4.10.0.RELEASE\cat-services-api)
2021-10-28 17:10:22.893  INFO 10872 --- [restartedMain] com.catapi.CatServicesApiApplication     : The following profiles are active: dev
2021-10-28 17:10:23.172  INFO 10872 --- [restartedMain] .s.d.r.c.RepositoryConfigurationDelegate : Bootstrapping Spring Data R2DBC repositories in DEFAULT mode.
2021-10-28 17:10:23.191  INFO 10872 --- [restartedMain] .s.d.r.c.RepositoryConfigurationDelegate : Finished Spring Data repository scanning in 19 ms. Found 3 R2DBC repository interfaces.
2021-10-28 17:10:23.276  INFO 10872 --- [restartedMain] o.s.b.d.a.OptionalLiveReloadServer       : LiveReload server is running on port 35729
2021-10-28 17:10:23.435  INFO 10872 --- [restartedMain] o.s.b.web.embedded.netty.NettyWebServer  : Netty started on port 8080
2021-10-28 17:10:23.478  INFO 10872 --- [restartedMain] com.catapi.CatServicesApiApplication     : Started CatServicesApiApplication in 0.611 seconds (JVM running for 4668.587)
2021-10-28 17:10:23.479  INFO 10872 --- [restartedMain] .ConditionEvaluationDeltaLoggingListener : Condition evaluation unchanged
2021-10-28 17:10:35.440  INFO 10872 --- [restartedMain] com.catapi.CatServicesApiApplication     : Starting CatServicesApiApplication using Java 1.8.0_152 on MPL-77GTVZ2 with PID 10872 (C:\Users\rohit.godara\Documents\workspace-spring-tool-suite-4-4.10.0.RELEASE\cat-services-api\target\classes started by rohit.godara in C:\Users\rohit.godara\Documents\workspace-spring-tool-suite-4-4.10.0.RELEASE\cat-services-api)
2021-10-28 17:10:35.440  INFO 10872 --- [restartedMain] com.catapi.CatServicesApiApplication     : The following profiles are active: dev
2021-10-28 17:10:35.699  INFO 10872 --- [restartedMain] .s.d.r.c.RepositoryConfigurationDelegate : Bootstrapping Spring Data R2DBC repositories in DEFAULT mode.
2021-10-28 17:10:35.717  INFO 10872 --- [restartedMain] .s.d.r.c.RepositoryConfigurationDelegate : Finished Spring Data repository scanning in 17 ms. Found 3 R2DBC repository interfaces.
2021-10-28 17:10:35.803  INFO 10872 --- [restartedMain] o.s.b.d.a.OptionalLiveReloadServer       : LiveReload server is running on port 35729
2021-10-28 17:10:35.945  INFO 10872 --- [restartedMain] o.s.b.web.embedded.netty.NettyWebServer  : Netty started on port 8080
2021-10-28 17:10:35.986  INFO 10872 --- [restartedMain] com.catapi.CatServicesApiApplication     : Started CatServicesApiApplication in 0.576 seconds (JVM running for 4681.096)
2021-10-28 17:10:35.987  INFO 10872 --- [restartedMain] .ConditionEvaluationDeltaLoggingListener : Condition evaluation unchanged
2021-10-28 17:10:38.323  INFO 10872 --- [RMI TCP Connection(92)-127.0.0.1] inMXBeanRegistrar$SpringApplicationAdmin : Application shutdown requested.
2021-10-28 17:21:00.730  INFO 24500 --- [restartedMain] com.catapi.CatServicesApiApplication     : Starting CatServicesApiApplication using Java 1.8.0_152 on MPL-77GTVZ2 with PID 24500 (C:\Users\rohit.godara\Documents\workspace-spring-tool-suite-4-4.10.0.RELEASE\cat-services-api\target\classes started by rohit.godara in C:\Users\rohit.godara\Documents\workspace-spring-tool-suite-4-4.10.0.RELEASE\cat-services-api)
2021-10-28 17:21:00.732  INFO 24500 --- [restartedMain] com.catapi.CatServicesApiApplication     : The following profiles are active: dev
2021-10-28 17:21:00.779  INFO 24500 --- [restartedMain] .e.DevToolsPropertyDefaultsPostProcessor : Devtools property defaults active! Set 'spring.devtools.add-properties' to 'false' to disable
2021-10-28 17:21:00.779  INFO 24500 --- [restartedMain] .e.DevToolsPropertyDefaultsPostProcessor : For additional web related logging consider setting the 'logging.level.web' property to 'DEBUG'
2021-10-28 17:21:01.603  INFO 24500 --- [restartedMain] .s.d.r.c.RepositoryConfigurationDelegate : Bootstrapping Spring Data R2DBC repositories in DEFAULT mode.
2021-10-28 17:21:01.769  INFO 24500 --- [restartedMain] .s.d.r.c.RepositoryConfigurationDelegate : Finished Spring Data repository scanning in 162 ms. Found 3 R2DBC repository interfaces.
2021-10-28 17:21:02.572  INFO 24500 --- [restartedMain] o.s.b.d.a.OptionalLiveReloadServer       : LiveReload server is running on port 35729
2021-10-28 17:21:04.198  INFO 24500 --- [restartedMain] o.s.b.web.embedded.netty.NettyWebServer  : Netty started on port 8080
2021-10-28 17:21:04.412  INFO 24500 --- [restartedMain] com.catapi.CatServicesApiApplication     : Started CatServicesApiApplication in 4.065 seconds (JVM running for 5.069)
2021-10-28 17:22:49.980  WARN 24500 --- [reactor-tcp-nio-2] dev.miku.r2dbc.mysql.MySqlConnection     : The server timezone is <India Standard Time> that's unknown, trying to use system default timezone
2021-10-28 17:32:25.138  INFO 24500 --- [RMI TCP Connection(21)-127.0.0.1] inMXBeanRegistrar$SpringApplicationAdmin : Application shutdown requested.
